[info] Playing test case Test_ModificaStatoOrdine / TC_11_1_7
[info] Time: Sat Jan 27 2018 11:47:56 GMT+0100 (ora solare Europa occidentale) Timestamp: 1517050076304
[info] OS: Windows Version: 10
[info] Browser: Firefox Version: 58.0
[info] Executing: | open | http://localhost:8080/ProgettoIS/index.jsp |  |
[info] Executing: | click | id=benvenuto |  |
[info] Executing: | click | id=inputNick |  |
[info] Executing: | type | id=inputNick | paolo10 |
[info] Executing: | click | id=inputPassword |  |
[info] Executing: | type | id=inputPassword | 1234567@ |
[info] Executing: | sendKeys | id=inputPassword | ${KEY_ENTER} |
[info] Wait for all ajax requests to be done
[info] Executing: | click | css=div.panel-footer |  |
[info] Executing: | click | link=modifica |  |
[info] Executing: | click | name=corriere |  |
[info] Executing: | select | name=corriere | label=GLS |
[info] Executing: | click | //div[@id='wrapper']/form/div/select/option[2] |  |
[info] Executing: | click | id=inputNumTracking |  |
[info] Executing: | type | id=inputNumTracking | 1234567890 |
[info] Executing: | click | css=p |  |
[info] Executing: | click | id=datepickerIniz |  |
[info] Executing: | clickAndWait | link=27 |  |
[info] Executing: | click | css=button.btn.btn-default |  |
[info] Time: Sat Jan 27 2018 11:48:07 GMT+0100 (ora solare Europa occidentale) Timestamp: 1517050087293
[info] Test case passed
