[info] Playing test case Test_RimozioneIndirizzo / TC_13_1_3
[info] Time: Sat Jan 27 2018 16:16:58 GMT+0100 (ora solare Europa occidentale) Timestamp: 1517066218055
[info] OS: Windows Version: 10
[info] Browser: Firefox Version: 58.0
[info] Executing: | open | http://localhost:8080/ProgettoIS/index.jsp |  |
[info] Executing: | click | id=benvenuto |  |
[info] Executing: | click | id=inputNick |  |
[info] Executing: | type | id=inputNick | antonio10 |
[info] Executing: | click | id=inputPassword |  |
[info] Executing: | type | id=inputPassword | 12345678 |
[info] Executing: | sendKeys | id=inputPassword | ${KEY_ENTER} |
[info] Wait for all ajax requests to be done
[info] Executing: | click | id=benvenuto |  |
[info] Executing: | click | link=Il mio account |  |
[info] Executing: | click | link=Remove |  |
[info] Wait until the element is found
[error] Implicit Wait timed out after 10000ms
[error] Element link=Remove not found
[info] Time: Sat Jan 27 2018 16:17:14 GMT+0100 (ora solare Europa occidentale) Timestamp: 1517066234805
[info] Test case failed
