[info] Playing test case Test_RimozioneCarta / TC_14_1_3
[info] Time: Sun Jan 28 2018 10:48:52 GMT+0100 (ora solare Europa occidentale) Timestamp: 1517132932466
[info] OS: Windows Version: 10
[info] Browser: Firefox Version: 58.0
[info] Executing: | open | http://localhost:8080/ProgettoIS/index.jsp |  |
[info] Executing: | click | id=benvenuto |  |
[info] Executing: | click | id=inputNick |  |
[info] Executing: | click | id=inputNick |  |
[info] Executing: | doubleClick | id=inputNick |  |
[info] Executing: | type | id=inputNick | antonio10 |
[info] Executing: | click | id=inputPassword |  |
[info] Executing: | type | id=inputPassword | 12345678 |
[info] Executing: | sendKeys | id=inputPassword | ${KEY_ENTER} |
[info] Wait for the new page to be fully loaded
[info] Executing: | click | id=benvenuto |  |
[info] Executing: | click | link=Il mio account |  |
[info] Executing: | click | link=Remove |  |
[info] Executing: | click | link=procedi |  |
[info] Time: Sun Jan 28 2018 10:49:00 GMT+0100 (ora solare Europa occidentale) Timestamp: 1517132940282
[info] Test case passed
